{
  "stats": {
    "suites": 12,
    "tests": 39,
    "passes": 19,
    "pending": 0,
    "failures": 20,
    "start": "2022-07-04T19:43:25.901Z",
    "end": "2022-07-04T19:57:52.229Z",
    "duration": 866328,
    "testsRegistered": 41,
    "passPercent": 46.34146341463415,
    "pendingPercent": 0,
    "other": 0,
    "hasOther": false,
    "skipped": 2,
    "hasSkipped": true
  },
  "results": [
    {
      "uuid": "a14dcd5d-9fd9-4bf7-b7bd-309332b1065c",
      "title": "",
      "fullFile": "cypress/integration/project.spec.js",
      "file": "cypress/integration/project.spec.js",
      "beforeHooks": [],
      "afterHooks": [],
      "tests": [],
      "suites": [
        {
          "uuid": "143fe2df-bfd8-4e38-9b10-8faaeac6e385",
          "title": "1 - Adicione à página o título \"Paleta de Cores\".",
          "fullFile": "",
          "file": "",
          "beforeHooks": [],
          "afterHooks": [],
          "tests": [
            {
              "title": "Verifica se contém um elemento `h1` com o id `title` com o título correto",
              "fullTitle": "1 - Adicione à página o título \"Paleta de Cores\". Verifica se contém um elemento `h1` com o id `title` com o título correto",
              "timedOut": null,
              "duration": 4520,
              "state": "passed",
              "speed": "slow",
              "pass": true,
              "fail": false,
              "pending": false,
              "context": null,
              "code": "cy.get('h1#title').should('contain.text', 'Paleta de Cores');",
              "err": {},
              "uuid": "6ff6db75-33f6-4dc0-87aa-4e379c8c9bad",
              "parentUUID": "143fe2df-bfd8-4e38-9b10-8faaeac6e385",
              "isHook": false,
              "skipped": false
            }
          ],
          "suites": [],
          "passes": [
            "6ff6db75-33f6-4dc0-87aa-4e379c8c9bad"
          ],
          "failures": [],
          "pending": [],
          "skipped": [],
          "duration": 4520,
          "root": false,
          "rootEmpty": false,
          "_timeout": 2000
        },
        {
          "uuid": "2888aac1-87bc-453b-838c-3136bd52cc0f",
          "title": "2 - Adicione à página uma paleta de quatro cores distintas.",
          "fullFile": "",
          "file": "",
          "beforeHooks": [],
          "afterHooks": [],
          "tests": [
            {
              "title": "A paleta de cores deve ser um elemento com `id` denominado `color-palette` e ter mais de 0px de altura e de largura.",
              "fullTitle": "2 - Adicione à página uma paleta de quatro cores distintas. A paleta de cores deve ser um elemento com `id` denominado `color-palette` e ter mais de 0px de altura e de largura.",
              "timedOut": null,
              "duration": 5034,
              "state": "passed",
              "speed": "slow",
              "pass": true,
              "fail": false,
              "pending": false,
              "context": null,
              "code": "cy.get('#color-palette').should('be.visible');\ncy.get('#color-palette').children('.color');",
              "err": {},
              "uuid": "71ba8464-3dab-4d00-b77a-2b4c09f15285",
              "parentUUID": "2888aac1-87bc-453b-838c-3136bd52cc0f",
              "isHook": false,
              "skipped": false
            },
            {
              "title": "Verifica se cada cor individual da paleta de cores possui a `classe` chamada `color`.",
              "fullTitle": "2 - Adicione à página uma paleta de quatro cores distintas. Verifica se cada cor individual da paleta de cores possui a `classe` chamada `color`.",
              "timedOut": null,
              "duration": 6088,
              "state": "passed",
              "speed": "slow",
              "pass": true,
              "fail": false,
              "pending": false,
              "context": null,
              "code": "cy.get('.color').should('have.length', 4).then(function (colors) {\n  for (var i = 0; i < colors.length; i++) {\n    cy.wrap(colors[i]).should('be.visible');\n  }\n});",
              "err": {},
              "uuid": "e4533add-d4e4-49c6-91c9-958412125972",
              "parentUUID": "2888aac1-87bc-453b-838c-3136bd52cc0f",
              "isHook": false,
              "skipped": false
            },
            {
              "title": "Verifica se a cor de fundo de cada elemento da paleta é a cor que o elemento representa. **A única cor não permitida na paleta é a cor branca.**",
              "fullTitle": "2 - Adicione à página uma paleta de quatro cores distintas. Verifica se a cor de fundo de cada elemento da paleta é a cor que o elemento representa. **A única cor não permitida na paleta é a cor branca.**",
              "timedOut": null,
              "duration": 7081,
              "state": "passed",
              "speed": "slow",
              "pass": true,
              "fail": false,
              "pending": false,
              "context": null,
              "code": "cy.get('.color').each(function (color) {\n  cy.wrap(color).should('have.class', 'color').and('not.have.css', 'background-color', WHITE);\n  cy.wrap(color).should('have.css', 'background-color');\n});",
              "err": {},
              "uuid": "88c14c27-9d79-499a-a9fa-ccd94ea53643",
              "parentUUID": "2888aac1-87bc-453b-838c-3136bd52cc0f",
              "isHook": false,
              "skipped": false
            },
            {
              "title": "Verifica se cada elemento da paleta de cores tem uma borda preta, sólida e com 1 pixel de largura;",
              "fullTitle": "2 - Adicione à página uma paleta de quatro cores distintas. Verifica se cada elemento da paleta de cores tem uma borda preta, sólida e com 1 pixel de largura;",
              "timedOut": null,
              "duration": 4996,
              "state": "passed",
              "speed": "slow",
              "pass": true,
              "fail": false,
              "pending": false,
              "context": null,
              "code": "cy.get('.color').each(function (color) {\n  cy.wrap(color).and('have.css', 'border', \"1px solid \".concat(BLACK)).and('have.class', 'color');\n});",
              "err": {},
              "uuid": "4caf193c-06e0-4efe-b0ad-05a619fa3b58",
              "parentUUID": "2888aac1-87bc-453b-838c-3136bd52cc0f",
              "isHook": false,
              "skipped": false
            },
            {
              "title": "Verifica se a paleta lista todas as cores disponíveis para utilização, lado a lado.",
              "fullTitle": "2 - Adicione à página uma paleta de quatro cores distintas. Verifica se a paleta lista todas as cores disponíveis para utilização, lado a lado.",
              "timedOut": null,
              "duration": 4197,
              "state": "passed",
              "speed": "slow",
              "pass": true,
              "fail": false,
              "pending": false,
              "context": null,
              "code": "cy.get('.color').then(function (colors) {\n  for (var index = 1; index < colors.length; index += 1) {\n    var currentColor = colors[index];\n    var previousColor = colors[index - 1];\n    cy.wrap(currentColor).should('be.onTheRightOf', previousColor).and('be.horizontallyAlignedWith', previousColor);\n  }\n});",
              "err": {},
              "uuid": "e347b223-8b11-493b-8a8e-3b203319334d",
              "parentUUID": "2888aac1-87bc-453b-838c-3136bd52cc0f",
              "isHook": false,
              "skipped": false
            },
            {
              "title": "Verifica se a paleta de cores está posicionada abaixo do título 'Paleta de Cores'",
              "fullTitle": "2 - Adicione à página uma paleta de quatro cores distintas. Verifica se a paleta de cores está posicionada abaixo do título 'Paleta de Cores'",
              "timedOut": null,
              "duration": 2848,
              "state": "passed",
              "speed": "slow",
              "pass": true,
              "fail": false,
              "pending": false,
              "context": null,
              "code": "cy.get('h1#title').then(function (title) {\n  cy.get('#color-palette').should('be.belowOf', title);\n});",
              "err": {},
              "uuid": "8768619a-0e1b-404d-bf91-a1f426939819",
              "parentUUID": "2888aac1-87bc-453b-838c-3136bd52cc0f",
              "isHook": false,
              "skipped": false
            },
            {
              "title": "Verifica se a paleta de cores não contém cores repetidas.",
              "fullTitle": "2 - Adicione à página uma paleta de quatro cores distintas. Verifica se a paleta de cores não contém cores repetidas.",
              "timedOut": null,
              "duration": 2784,
              "state": "passed",
              "speed": "slow",
              "pass": true,
              "fail": false,
              "pending": false,
              "context": null,
              "code": "cy.get('.color').then(function (colors) {\n  var allColors = Array.from(colors).map(function (color) {\n    return Cypress.$(color).css('background-color');\n  });\n  cy.log(allColors);\n  var uniqColors = (0, _toConsumableArray2[\"default\"])(new Set(allColors));\n  cy.log(uniqColors);\n  expect(allColors.length).to.eq(uniqColors.length);\n});",
              "err": {},
              "uuid": "42d58479-15d8-42cb-9f74-1764df3256f6",
              "parentUUID": "2888aac1-87bc-453b-838c-3136bd52cc0f",
              "isHook": false,
              "skipped": false
            }
          ],
          "suites": [],
          "passes": [
            "71ba8464-3dab-4d00-b77a-2b4c09f15285",
            "e4533add-d4e4-49c6-91c9-958412125972",
            "88c14c27-9d79-499a-a9fa-ccd94ea53643",
            "4caf193c-06e0-4efe-b0ad-05a619fa3b58",
            "e347b223-8b11-493b-8a8e-3b203319334d",
            "8768619a-0e1b-404d-bf91-a1f426939819",
            "42d58479-15d8-42cb-9f74-1764df3256f6"
          ],
          "failures": [],
          "pending": [],
          "skipped": [],
          "duration": 33028,
          "root": false,
          "rootEmpty": false,
          "_timeout": 2000
        },
        {
          "uuid": "bd691654-45c0-4181-90bd-620f399145d3",
          "title": "3 - Adicione a cor **preta** como a primeira cor da paleta de cores.",
          "fullFile": "",
          "file": "",
          "beforeHooks": [],
          "afterHooks": [],
          "tests": [
            {
              "title": "Verifica se a primeira cor da paleta é preta",
              "fullTitle": "3 - Adicione a cor **preta** como a primeira cor da paleta de cores. Verifica se a primeira cor da paleta é preta",
              "timedOut": null,
              "duration": 1354,
              "state": "passed",
              "speed": "slow",
              "pass": true,
              "fail": false,
              "pending": false,
              "context": null,
              "code": "cy.get('.color').first().should('have.css', 'background-color', BLACK);",
              "err": {},
              "uuid": "d974431f-5885-448d-812b-df1aa4efdb00",
              "parentUUID": "bd691654-45c0-4181-90bd-620f399145d3",
              "isHook": false,
              "skipped": false
            },
            {
              "title": "Verifica se as demais cores podem ser escolhidas livremente.",
              "fullTitle": "3 - Adicione a cor **preta** como a primeira cor da paleta de cores. Verifica se as demais cores podem ser escolhidas livremente.",
              "timedOut": null,
              "duration": 10892,
              "state": "passed",
              "speed": "slow",
              "pass": true,
              "fail": false,
              "pending": false,
              "context": null,
              "code": "cy.get('.color').eq(1).should('not.have.css', 'background-color', BLACK);\ncy.get('.color').eq(1).should('not.have.css', 'background-color', WHITE);\ncy.get('.color').eq(1).should('not.have.css', 'background-color', 'rgba(0, 0, 0, 0)');\ncy.get('.color').eq(1).should('have.css', 'background-color');\ncy.get('.color').eq(2).should('not.have.css', 'background-color', BLACK);\ncy.get('.color').eq(2).should('not.have.css', 'background-color', WHITE);\ncy.get('.color').eq(2).should('not.have.css', 'background-color', 'rgba(0, 0, 0, 0)');\ncy.get('.color').eq(2).should('have.css', 'background-color');\ncy.get('.color').eq(3).should('not.have.css', 'background-color', BLACK);\ncy.get('.color').eq(3).should('not.have.css', 'background-color', WHITE);\ncy.get('.color').eq(3).should('not.have.css', 'background-color', 'rgba(0, 0, 0, 0)');\ncy.get('.color').eq(3).should('have.css', 'background-color');",
              "err": {},
              "uuid": "733da86b-15cb-47c0-a73e-3cf57dc2151a",
              "parentUUID": "bd691654-45c0-4181-90bd-620f399145d3",
              "isHook": false,
              "skipped": false
            }
          ],
          "suites": [],
          "passes": [
            "d974431f-5885-448d-812b-df1aa4efdb00",
            "733da86b-15cb-47c0-a73e-3cf57dc2151a"
          ],
          "failures": [],
          "pending": [],
          "skipped": [],
          "duration": 12246,
          "root": false,
          "rootEmpty": false,
          "_timeout": 2000
        },
        {
          "uuid": "c4e8cfb3-9dbf-45a9-a26e-e4036175926c",
          "title": "4 - Adicione à página um quadro de pixels, com 25 pixels.",
          "fullFile": "",
          "file": "",
          "beforeHooks": [],
          "afterHooks": [],
          "tests": [
            {
              "title": "Verifica se o quadro de pixels possui o `id` denominado `pixel-board`",
              "fullTitle": "4 - Adicione à página um quadro de pixels, com 25 pixels. Verifica se o quadro de pixels possui o `id` denominado `pixel-board`",
              "timedOut": null,
              "duration": 2824,
              "state": "passed",
              "speed": "slow",
              "pass": true,
              "fail": false,
              "pending": false,
              "context": null,
              "code": "cy.get('#pixel-board').should('be.visible');",
              "err": {},
              "uuid": "1ba25715-b135-4509-b34c-095dc877a09a",
              "parentUUID": "c4e8cfb3-9dbf-45a9-a26e-e4036175926c",
              "isHook": false,
              "skipped": false
            },
            {
              "title": "Verifica se cada pixel individual dentro do quadro possui a `classe` denominada `pixel`.",
              "fullTitle": "4 - Adicione à página um quadro de pixels, com 25 pixels. Verifica se cada pixel individual dentro do quadro possui a `classe` denominada `pixel`.",
              "timedOut": null,
              "duration": 2925,
              "state": "passed",
              "speed": "slow",
              "pass": true,
              "fail": false,
              "pending": false,
              "context": null,
              "code": "cy.get('.pixel').should('have.length', 25);",
              "err": {},
              "uuid": "afa81735-5e47-45f0-8b6b-c9d4d76af42f",
              "parentUUID": "c4e8cfb3-9dbf-45a9-a26e-e4036175926c",
              "isHook": false,
              "skipped": false
            },
            {
              "title": "Verifica se a cor inicial dos pixels dentro do quadro, ao abrir a página, é branca.",
              "fullTitle": "4 - Adicione à página um quadro de pixels, com 25 pixels. Verifica se a cor inicial dos pixels dentro do quadro, ao abrir a página, é branca.",
              "timedOut": null,
              "duration": 8216,
              "state": "passed",
              "speed": "slow",
              "pass": true,
              "fail": false,
              "pending": false,
              "context": null,
              "code": "cy.get('.pixel').should('have.length', 25).each(function (pixel) {\n  expect(pixel).to.have.css('background-color', WHITE);\n});",
              "err": {},
              "uuid": "07686eb6-8b15-4aa4-8b9c-dd49e769a36b",
              "parentUUID": "c4e8cfb3-9dbf-45a9-a26e-e4036175926c",
              "isHook": false,
              "skipped": false
            },
            {
              "title": "Verifica se o quadro de pixels aparece abaixo da paleta de cores",
              "fullTitle": "4 - Adicione à página um quadro de pixels, com 25 pixels. Verifica se o quadro de pixels aparece abaixo da paleta de cores",
              "timedOut": null,
              "duration": 2470,
              "state": "passed",
              "speed": "slow",
              "pass": true,
              "fail": false,
              "pending": false,
              "context": null,
              "code": "cy.get('#color-palette').then(function (palette) {\n  cy.get('#pixel-board').should('be.belowOf', palette);\n});",
              "err": {},
              "uuid": "729a4fc9-84c7-4c52-af93-e56dd058f295",
              "parentUUID": "c4e8cfb3-9dbf-45a9-a26e-e4036175926c",
              "isHook": false,
              "skipped": false
            }
          ],
          "suites": [],
          "passes": [
            "1ba25715-b135-4509-b34c-095dc877a09a",
            "afa81735-5e47-45f0-8b6b-c9d4d76af42f",
            "07686eb6-8b15-4aa4-8b9c-dd49e769a36b",
            "729a4fc9-84c7-4c52-af93-e56dd058f295"
          ],
          "failures": [],
          "pending": [],
          "skipped": [],
          "duration": 16435,
          "root": false,
          "rootEmpty": false,
          "_timeout": 2000
        },
        {
          "uuid": "28e0b929-0e8e-4b02-adc9-ab39ce83e3e1",
          "title": "5 - Faça com que cada elemento do quadro de pixels possua 40 pixels de largura, 40 pixels de altura e seja delimitado por uma borda preta de 1 pixel.",
          "fullFile": "",
          "file": "",
          "beforeHooks": [],
          "afterHooks": [],
          "tests": [
            {
              "title": "Verifica se o quadro de pixels tem altura e comprimento de 5 elementos",
              "fullTitle": "5 - Faça com que cada elemento do quadro de pixels possua 40 pixels de largura, 40 pixels de altura e seja delimitado por uma borda preta de 1 pixel. Verifica se o quadro de pixels tem altura e comprimento de 5 elementos",
              "timedOut": null,
              "duration": 32373,
              "state": "passed",
              "speed": null,
              "pass": true,
              "fail": false,
              "pending": false,
              "context": null,
              "code": "cy.get('.pixel').should('have.length', 25).each(function (pixel) {\n  expect(pixel).to.have.css('background-color', WHITE);\n}).and(function (pixels) {\n  var rows = chunk(pixels, 5);\n  rows.forEach(function (row) {\n    for (var index = 1; index < row.length; index += 1) {\n      var current = pixels[index];\n      var previous = pixels[index - 1];\n      cy.wrap(current).should('be.onTheRightOf', previous).and('be.horizontallyAlignedWith', previous);\n    }\n  });\n  for (var index = 1; index < 5; index += 1) {\n    expect(pixels[index * 5]).to.be.belowOf(pixels[(index - 1) * 5]);\n  }\n});",
              "err": {},
              "uuid": "c5890f29-fbf4-4781-97e3-b47f6b5655f2",
              "parentUUID": "28e0b929-0e8e-4b02-adc9-ab39ce83e3e1",
              "isHook": false,
              "skipped": false
            },
            {
              "title": "Verifica se 40 pixels é o tamanho total do elemento, incluindo seu conteúdo e excluindo a borda preta, que deve ser criada à parte.",
              "fullTitle": "5 - Faça com que cada elemento do quadro de pixels possua 40 pixels de largura, 40 pixels de altura e seja delimitado por uma borda preta de 1 pixel. Verifica se 40 pixels é o tamanho total do elemento, incluindo seu conteúdo e excluindo a borda preta, que deve ser criada à parte.",
              "timedOut": null,
              "duration": 43620,
              "state": "passed",
              "speed": null,
              "pass": true,
              "fail": false,
              "pending": false,
              "context": null,
              "code": "cy.get('.pixel').each(function (pixel) {\n  cy.wrap(pixel).should('have.css', 'height', '40px').and('have.css', 'width', '40px').and('have.css', 'border', \"1px solid \".concat(BLACK));\n});",
              "err": {},
              "uuid": "becc95ad-30f4-466d-9b59-968b0b4e193e",
              "parentUUID": "28e0b929-0e8e-4b02-adc9-ab39ce83e3e1",
              "isHook": false,
              "skipped": false
            }
          ],
          "suites": [],
          "passes": [
            "c5890f29-fbf4-4781-97e3-b47f6b5655f2",
            "becc95ad-30f4-466d-9b59-968b0b4e193e"
          ],
          "failures": [],
          "pending": [],
          "skipped": [],
          "duration": 75993,
          "root": false,
          "rootEmpty": false,
          "_timeout": 2000
        },
        {
          "uuid": "64565f02-0cda-43a7-a0c1-e9195bbf5592",
          "title": "6 - Defina a cor preta como cor inicial. Ao carregar a página a cor preta já deve estar selecionada para pintar os pixels",
          "fullFile": "",
          "file": "",
          "beforeHooks": [],
          "afterHooks": [],
          "tests": [
            {
              "title": "Verifica se o elemento da cor preta possui, inicialmente, a `classe` `selected`",
              "fullTitle": "6 - Defina a cor preta como cor inicial. Ao carregar a página a cor preta já deve estar selecionada para pintar os pixels Verifica se o elemento da cor preta possui, inicialmente, a `classe` `selected`",
              "timedOut": null,
              "duration": 3292,
              "state": "passed",
              "speed": "slow",
              "pass": true,
              "fail": false,
              "pending": false,
              "context": null,
              "code": "cy.get('.selected').first().should('have.css', 'background-color', BLACK);",
              "err": {},
              "uuid": "1b1a06a2-814c-48bc-8f79-2ab0c49881a2",
              "parentUUID": "64565f02-0cda-43a7-a0c1-e9195bbf5592",
              "isHook": false,
              "skipped": false
            },
            {
              "title": "Verifica se nenhuma outra cor da paleta tem a `classe` `selected`",
              "fullTitle": "6 - Defina a cor preta como cor inicial. Ao carregar a página a cor preta já deve estar selecionada para pintar os pixels Verifica se nenhuma outra cor da paleta tem a `classe` `selected`",
              "timedOut": null,
              "duration": 3620,
              "state": "passed",
              "speed": "slow",
              "pass": true,
              "fail": false,
              "pending": false,
              "context": null,
              "code": "cy.get('.color:not(:first-child)').each(function (color) {\n  cy.wrap(color).should('not.have.class', 'selected');\n});",
              "err": {},
              "uuid": "2f91fea1-cbbe-419f-91b3-5840323fd803",
              "parentUUID": "64565f02-0cda-43a7-a0c1-e9195bbf5592",
              "isHook": false,
              "skipped": false
            }
          ],
          "suites": [],
          "passes": [
            "1b1a06a2-814c-48bc-8f79-2ab0c49881a2",
            "2f91fea1-cbbe-419f-91b3-5840323fd803"
          ],
          "failures": [],
          "pending": [],
          "skipped": [],
          "duration": 6912,
          "root": false,
          "rootEmpty": false,
          "_timeout": 2000
        },
        {
          "uuid": "1268c457-5e7b-4ec1-99be-c584b791c5aa",
          "title": "7 - Clicar em uma das cores da paleta, faz com que ela seja selecionada e utilizada para preencher os pixels no quadro.",
          "fullFile": "",
          "file": "",
          "beforeHooks": [],
          "afterHooks": [],
          "tests": [
            {
              "title": "Verifica se somente uma cor da paleta de cores tem a classe `selected` de cada vez",
              "fullTitle": "7 - Clicar em uma das cores da paleta, faz com que ela seja selecionada e utilizada para preencher os pixels no quadro. Verifica se somente uma cor da paleta de cores tem a classe `selected` de cada vez",
              "timedOut": null,
              "duration": 11943,
              "state": "passed",
              "speed": "slow",
              "pass": true,
              "fail": false,
              "pending": false,
              "context": null,
              "code": "cy.get('.color').each(function (selectedColor, selectedColorIndex) {\n  cy.wrap(selectedColor).click();\n  cy.get('.color').each(function (color, colorIndex) {\n    if (colorIndex === selectedColorIndex) {\n      expect(color).to.have[\"class\"]('selected');\n    } else {\n      expect(color).not.to.have[\"class\"]('selected');\n    }\n  });\n});",
              "err": {},
              "uuid": "fcd9a967-ce2a-409c-bc3f-60aee986be54",
              "parentUUID": "1268c457-5e7b-4ec1-99be-c584b791c5aa",
              "isHook": false,
              "skipped": false
            },
            {
              "title": "Verifica se os pixels dentro do quadro não têm a classe `selected` quando são clicados",
              "fullTitle": "7 - Clicar em uma das cores da paleta, faz com que ela seja selecionada e utilizada para preencher os pixels no quadro. Verifica se os pixels dentro do quadro não têm a classe `selected` quando são clicados",
              "timedOut": null,
              "duration": 375517,
              "state": "passed",
              "speed": "slow",
              "pass": true,
              "fail": false,
              "pending": false,
              "context": null,
              "code": "cy.get('.color').each(function (color) {\n  var backgroundColor = color.css('background-color');\n  cy.wrap(color).click();\n  cy.get('.pixel').each(function (pixel) {\n    cy.wrap(pixel).click().should('not.have.class', 'selected');\n  });\n});",
              "err": {},
              "uuid": "85e3aeea-6b0f-48ab-812c-ee58c559c2b3",
              "parentUUID": "1268c457-5e7b-4ec1-99be-c584b791c5aa",
              "isHook": false,
              "skipped": false
            }
          ],
          "suites": [],
          "passes": [
            "fcd9a967-ce2a-409c-bc3f-60aee986be54",
            "85e3aeea-6b0f-48ab-812c-ee58c559c2b3"
          ],
          "failures": [],
          "pending": [],
          "skipped": [],
          "duration": 387460,
          "root": false,
          "rootEmpty": false,
          "_timeout": 2000
        },
        {
          "uuid": "51a7edac-99bc-4615-ab62-73cc9147e3b7",
          "title": "8 - Clicar em um pixel dentro do quadro após selecionar uma cor na paleta, faz com que o pixel seja preenchido com a cor selecionada.",
          "fullFile": "",
          "file": "",
          "beforeHooks": [],
          "afterHooks": [],
          "tests": [
            {
              "title": "Verifica se ao carregar a página deve ser possível pintar os pixels de preto",
              "fullTitle": "8 - Clicar em um pixel dentro do quadro após selecionar uma cor na paleta, faz com que o pixel seja preenchido com a cor selecionada. Verifica se ao carregar a página deve ser possível pintar os pixels de preto",
              "timedOut": null,
              "duration": 11247,
              "state": "failed",
              "speed": null,
              "pass": false,
              "fail": true,
              "pending": false,
              "context": null,
              "code": "cy.get('.pixel').each(function (pixel) {\n  cy.wrap(pixel).click().should('have.css', 'background-color', BLACK);\n});",
              "err": {
                "message": "CypressError: Timed out retrying: expected '<div.pixel>' to have CSS property 'background-color' with the value 'rgb(0, 0, 0)', but the value was 'rgb(255, 255, 255)'",
                "estack": "CypressError: Timed out retrying: expected '<div.pixel>' to have CSS property 'background-color' with the value 'rgb(0, 0, 0)', but the value was 'rgb(255, 255, 255)'\n    at cypressErr (http://localhost:61063/__cypress/runner/cypress_runner.js:149934:9)\n    at throwErr (http://localhost:61063/__cypress/runner/cypress_runner.js:149867:11)\n    at Object.throwErrByPath (http://localhost:61063/__cypress/runner/cypress_runner.js:149915:3)\n    at retry (http://localhost:61063/__cypress/runner/cypress_runner.js:144197:19)\n    at onFailFn (http://localhost:61063/__cypress/runner/cypress_runner.js:132448:16)\n    at tryCatcher (http://localhost:61063/__cypress/runner/cypress_runner.js:167415:23)\n    at Promise._settlePromiseFromHandler (http://localhost:61063/__cypress/runner/cypress_runner.js:165351:31)\n    at Promise._settlePromise (http://localhost:61063/__cypress/runner/cypress_runner.js:165408:18)\n    at Promise._settlePromise0 (http://localhost:61063/__cypress/runner/cypress_runner.js:165453:10)\n    at Promise._settlePromises (http://localhost:61063/__cypress/runner/cypress_runner.js:165528:18)\n    at Async../node_modules/bluebird/js/release/async.js.Async._drainQueue (http://localhost:61063/__cypress/runner/cypress_runner.js:162140:16)\n    at Async../node_modules/bluebird/js/release/async.js.Async._drainQueues (http://localhost:61063/__cypress/runner/cypress_runner.js:162150:10)\n    at Async.drainQueues (http://localhost:61063/__cypress/runner/cypress_runner.js:162024:14)",
                "diff": null
              },
              "uuid": "b06cad57-fa6b-401e-94f9-fbe33f054bf1",
              "parentUUID": "51a7edac-99bc-4615-ab62-73cc9147e3b7",
              "isHook": false,
              "skipped": false
            },
            {
              "title": "Verifica se após selecionar uma outra cor na paleta, é possível pintar os pixels com essa cor",
              "fullTitle": "8 - Clicar em um pixel dentro do quadro após selecionar uma cor na paleta, faz com que o pixel seja preenchido com a cor selecionada. Verifica se após selecionar uma outra cor na paleta, é possível pintar os pixels com essa cor",
              "timedOut": null,
              "duration": 13519,
              "state": "failed",
              "speed": null,
              "pass": false,
              "fail": true,
              "pending": false,
              "context": null,
              "code": "cy.get('.color').each(function (color) {\n  var backgroundColor = color.css('background-color');\n  cy.wrap(color).click();\n  cy.get('.pixel').each(function (pixel) {\n    cy.wrap(pixel).click().should('have.css', 'background-color', backgroundColor);\n  });\n});",
              "err": {
                "message": "CypressError: Timed out retrying: expected '<div.pixel>' to have CSS property 'background-color' with the value 'rgb(0, 0, 0)', but the value was 'rgb(255, 255, 255)'",
                "estack": "CypressError: Timed out retrying: expected '<div.pixel>' to have CSS property 'background-color' with the value 'rgb(0, 0, 0)', but the value was 'rgb(255, 255, 255)'\n    at cypressErr (http://localhost:61063/__cypress/runner/cypress_runner.js:149934:9)\n    at throwErr (http://localhost:61063/__cypress/runner/cypress_runner.js:149867:11)\n    at Object.throwErrByPath (http://localhost:61063/__cypress/runner/cypress_runner.js:149915:3)\n    at retry (http://localhost:61063/__cypress/runner/cypress_runner.js:144197:19)\n    at onFailFn (http://localhost:61063/__cypress/runner/cypress_runner.js:132448:16)\n    at tryCatcher (http://localhost:61063/__cypress/runner/cypress_runner.js:167415:23)\n    at Promise._settlePromiseFromHandler (http://localhost:61063/__cypress/runner/cypress_runner.js:165351:31)\n    at Promise._settlePromise (http://localhost:61063/__cypress/runner/cypress_runner.js:165408:18)\n    at Promise._settlePromise0 (http://localhost:61063/__cypress/runner/cypress_runner.js:165453:10)\n    at Promise._settlePromises (http://localhost:61063/__cypress/runner/cypress_runner.js:165528:18)\n    at Async../node_modules/bluebird/js/release/async.js.Async._drainQueue (http://localhost:61063/__cypress/runner/cypress_runner.js:162140:16)\n    at Async../node_modules/bluebird/js/release/async.js.Async._drainQueues (http://localhost:61063/__cypress/runner/cypress_runner.js:162150:10)\n    at Async.drainQueues (http://localhost:61063/__cypress/runner/cypress_runner.js:162024:14)",
                "diff": null
              },
              "uuid": "9f26c4e3-a481-4b39-b087-9b4acdc45c95",
              "parentUUID": "51a7edac-99bc-4615-ab62-73cc9147e3b7",
              "isHook": false,
              "skipped": false
            },
            {
              "title": "Verifica se somente o pixel que foi clicado foi preenchido com a cor selecionada, sem influenciar na cor dos demais pixels.",
              "fullTitle": "8 - Clicar em um pixel dentro do quadro após selecionar uma cor na paleta, faz com que o pixel seja preenchido com a cor selecionada. Verifica se somente o pixel que foi clicado foi preenchido com a cor selecionada, sem influenciar na cor dos demais pixels.",
              "timedOut": null,
              "duration": 95656,
              "state": "passed",
              "speed": "slow",
              "pass": true,
              "fail": false,
              "pending": false,
              "context": null,
              "code": "var colorToPixelIndexMap = {\n  0: 6,\n  1: 8,\n  2: 16,\n  3: 18\n};\ncy.get('.color').each(function (color, index) {\n  cy.wrap(color).click();\n  var backgroundColor = color.css('background-color');\n  var clickedPixelIndex = colorToPixelIndexMap[index];\n  cy.get('.pixel').eq(clickedPixelIndex).click();\n  cy.get('.pixel').eq(clickedPixelIndex - 1).should('not.have.css', 'background-color', backgroundColor);\n  cy.get('.pixel').eq(clickedPixelIndex + 1).should('not.have.css', 'background-color', backgroundColor);\n  cy.get('.pixel').eq(clickedPixelIndex - 5).should('not.have.css', 'background-color', backgroundColor);\n  cy.get('.pixel').eq(clickedPixelIndex + 5).should('not.have.css', 'background-color', backgroundColor);\n  cy.get('.pixel').eq(clickedPixelIndex - 6).should('not.have.css', 'background-color', backgroundColor);\n  cy.get('.pixel').eq(clickedPixelIndex - 4).should('not.have.css', 'background-color', backgroundColor);\n  cy.get('.pixel').eq(clickedPixelIndex + 4).should('not.have.css', 'background-color', backgroundColor);\n  cy.get('.pixel').eq(clickedPixelIndex + 6).should('not.have.css', 'background-color', backgroundColor);\n});",
              "err": {},
              "uuid": "6e35ab3d-77cf-4dc4-b336-a4967325967d",
              "parentUUID": "51a7edac-99bc-4615-ab62-73cc9147e3b7",
              "isHook": false,
              "skipped": false
            }
          ],
          "suites": [],
          "passes": [
            "6e35ab3d-77cf-4dc4-b336-a4967325967d"
          ],
          "failures": [
            "b06cad57-fa6b-401e-94f9-fbe33f054bf1",
            "9f26c4e3-a481-4b39-b087-9b4acdc45c95"
          ],
          "pending": [],
          "skipped": [],
          "duration": 120422,
          "root": false,
          "rootEmpty": false,
          "_timeout": 2000
        },
        {
          "uuid": "55bd81ac-f99d-4f6d-8a10-f195d2a4e228",
          "title": "9 - Crie um botão que, ao ser clicado, limpa o quadro preenchendo a cor de todos seus pixels com branco.",
          "fullFile": "",
          "file": "",
          "beforeHooks": [],
          "afterHooks": [],
          "tests": [
            {
              "title": "Verifica se o botão tem o `id` denominado `clear-board`",
              "fullTitle": "9 - Crie um botão que, ao ser clicado, limpa o quadro preenchendo a cor de todos seus pixels com branco. Verifica se o botão tem o `id` denominado `clear-board`",
              "timedOut": null,
              "duration": 12545,
              "state": "failed",
              "speed": null,
              "pass": false,
              "fail": true,
              "pending": false,
              "context": null,
              "code": "cy.get('#clear-board').should('be.visible');",
              "err": {
                "message": "CypressError: Timed out retrying: Expected to find element: '#clear-board', but never found it.",
                "estack": "CypressError: Timed out retrying: Expected to find element: '#clear-board', but never found it.\n    at cypressErr (http://localhost:61063/__cypress/runner/cypress_runner.js:149934:9)\n    at throwErr (http://localhost:61063/__cypress/runner/cypress_runner.js:149867:11)\n    at Object.throwErrByPath (http://localhost:61063/__cypress/runner/cypress_runner.js:149915:3)\n    at retry (http://localhost:61063/__cypress/runner/cypress_runner.js:144197:19)\n    at onFailFn (http://localhost:61063/__cypress/runner/cypress_runner.js:132448:16)\n    at tryCatcher (http://localhost:61063/__cypress/runner/cypress_runner.js:167415:23)\n    at Promise._settlePromiseFromHandler (http://localhost:61063/__cypress/runner/cypress_runner.js:165351:31)\n    at Promise._settlePromise (http://localhost:61063/__cypress/runner/cypress_runner.js:165408:18)\n    at Promise._settlePromise0 (http://localhost:61063/__cypress/runner/cypress_runner.js:165453:10)\n    at Promise._settlePromises (http://localhost:61063/__cypress/runner/cypress_runner.js:165528:18)\n    at Async../node_modules/bluebird/js/release/async.js.Async._drainQueue (http://localhost:61063/__cypress/runner/cypress_runner.js:162140:16)\n    at Async../node_modules/bluebird/js/release/async.js.Async._drainQueues (http://localhost:61063/__cypress/runner/cypress_runner.js:162150:10)\n    at Async.drainQueues (http://localhost:61063/__cypress/runner/cypress_runner.js:162024:14)",
                "diff": null
              },
              "uuid": "31c8a732-a585-479d-aa02-2344f38536d1",
              "parentUUID": "55bd81ac-f99d-4f6d-8a10-f195d2a4e228",
              "isHook": false,
              "skipped": false
            },
            {
              "title": "Verifica se o botão está posicionado entre a paleta de cores e o quadro de pixels",
              "fullTitle": "9 - Crie um botão que, ao ser clicado, limpa o quadro preenchendo a cor de todos seus pixels com branco. Verifica se o botão está posicionado entre a paleta de cores e o quadro de pixels",
              "timedOut": null,
              "duration": 10198,
              "state": "failed",
              "speed": null,
              "pass": false,
              "fail": true,
              "pending": false,
              "context": null,
              "code": "cy.get('#color-palette').then(function (palette) {\n  cy.get('#clear-board').should('be.belowOf', palette);\n});\ncy.get('#clear-board').then(function (clearBtn) {\n  cy.get('#pixel-board').should('be.belowOf', clearBtn);\n});",
              "err": {
                "message": "CypressError: Timed out retrying: Expected to find element: '#clear-board', but never found it.",
                "estack": "CypressError: Timed out retrying: Expected to find element: '#clear-board', but never found it.\n    at cypressErr (http://localhost:61063/__cypress/runner/cypress_runner.js:149934:9)\n    at throwErr (http://localhost:61063/__cypress/runner/cypress_runner.js:149867:11)\n    at Object.throwErrByPath (http://localhost:61063/__cypress/runner/cypress_runner.js:149915:3)\n    at retry (http://localhost:61063/__cypress/runner/cypress_runner.js:144197:19)\n    at onFailFn (http://localhost:61063/__cypress/runner/cypress_runner.js:132448:16)\n    at tryCatcher (http://localhost:61063/__cypress/runner/cypress_runner.js:167415:23)\n    at Promise._settlePromiseFromHandler (http://localhost:61063/__cypress/runner/cypress_runner.js:165351:31)\n    at Promise._settlePromise (http://localhost:61063/__cypress/runner/cypress_runner.js:165408:18)\n    at Promise._settlePromise0 (http://localhost:61063/__cypress/runner/cypress_runner.js:165453:10)\n    at Promise._settlePromises (http://localhost:61063/__cypress/runner/cypress_runner.js:165528:18)\n    at Async../node_modules/bluebird/js/release/async.js.Async._drainQueue (http://localhost:61063/__cypress/runner/cypress_runner.js:162140:16)\n    at Async../node_modules/bluebird/js/release/async.js.Async._drainQueues (http://localhost:61063/__cypress/runner/cypress_runner.js:162150:10)\n    at Async.drainQueues (http://localhost:61063/__cypress/runner/cypress_runner.js:162024:14)",
                "diff": null
              },
              "uuid": "9e69dde6-421d-46dc-af7d-81b38a462a80",
              "parentUUID": "55bd81ac-f99d-4f6d-8a10-f195d2a4e228",
              "isHook": false,
              "skipped": false
            },
            {
              "title": "Verifica se o texto do botão é 'Limpar'",
              "fullTitle": "9 - Crie um botão que, ao ser clicado, limpa o quadro preenchendo a cor de todos seus pixels com branco. Verifica se o texto do botão é 'Limpar'",
              "timedOut": null,
              "duration": 8395,
              "state": "failed",
              "speed": null,
              "pass": false,
              "fail": true,
              "pending": false,
              "context": null,
              "code": "cy.get('#clear-board').should('contain.text', 'Limpar');",
              "err": {
                "message": "CypressError: Timed out retrying: Expected to find element: '#clear-board', but never found it.",
                "estack": "CypressError: Timed out retrying: Expected to find element: '#clear-board', but never found it.\n    at cypressErr (http://localhost:61063/__cypress/runner/cypress_runner.js:149934:9)\n    at throwErr (http://localhost:61063/__cypress/runner/cypress_runner.js:149867:11)\n    at Object.throwErrByPath (http://localhost:61063/__cypress/runner/cypress_runner.js:149915:3)\n    at retry (http://localhost:61063/__cypress/runner/cypress_runner.js:144197:19)\n    at onFailFn (http://localhost:61063/__cypress/runner/cypress_runner.js:132448:16)\n    at tryCatcher (http://localhost:61063/__cypress/runner/cypress_runner.js:167415:23)\n    at Promise._settlePromiseFromHandler (http://localhost:61063/__cypress/runner/cypress_runner.js:165351:31)\n    at Promise._settlePromise (http://localhost:61063/__cypress/runner/cypress_runner.js:165408:18)\n    at Promise._settlePromise0 (http://localhost:61063/__cypress/runner/cypress_runner.js:165453:10)\n    at Promise._settlePromises (http://localhost:61063/__cypress/runner/cypress_runner.js:165528:18)\n    at Async../node_modules/bluebird/js/release/async.js.Async._drainQueue (http://localhost:61063/__cypress/runner/cypress_runner.js:162140:16)\n    at Async../node_modules/bluebird/js/release/async.js.Async._drainQueues (http://localhost:61063/__cypress/runner/cypress_runner.js:162150:10)\n    at Async.drainQueues (http://localhost:61063/__cypress/runner/cypress_runner.js:162024:14)",
                "diff": null
              },
              "uuid": "59b025c5-7556-45e8-a919-ad0531d2ec28",
              "parentUUID": "55bd81ac-f99d-4f6d-8a10-f195d2a4e228",
              "isHook": false,
              "skipped": false
            },
            {
              "title": "Verifica se ao clicar no botão, o quadro de pixels é totalmente preenchido de branco",
              "fullTitle": "9 - Crie um botão que, ao ser clicado, limpa o quadro preenchendo a cor de todos seus pixels com branco. Verifica se ao clicar no botão, o quadro de pixels é totalmente preenchido de branco",
              "timedOut": null,
              "duration": 14007,
              "state": "failed",
              "speed": null,
              "pass": false,
              "fail": true,
              "pending": false,
              "context": null,
              "code": "cy.get('.color').eq(1).then(function (color) {\n  var backgroundColor = color.css('background-color');\n  cy.wrap(color).click();\n  cy.get('.pixel').each(function (pixel) {\n    cy.wrap(pixel).click().should('have.css', 'background-color', backgroundColor);\n  });\n});\ncy.get('#clear-board').click();\ncy.get('.pixel').each(function (pixel) {\n  cy.wrap(pixel).should('have.css', 'background-color', WHITE);\n});",
              "err": {
                "message": "CypressError: Timed out retrying: expected '<div.pixel>' to have CSS property 'background-color' with the value 'rgb(255, 192, 203)', but the value was 'rgb(255, 255, 255)'",
                "estack": "CypressError: Timed out retrying: expected '<div.pixel>' to have CSS property 'background-color' with the value 'rgb(255, 192, 203)', but the value was 'rgb(255, 255, 255)'\n    at cypressErr (http://localhost:61063/__cypress/runner/cypress_runner.js:149934:9)\n    at throwErr (http://localhost:61063/__cypress/runner/cypress_runner.js:149867:11)\n    at Object.throwErrByPath (http://localhost:61063/__cypress/runner/cypress_runner.js:149915:3)\n    at retry (http://localhost:61063/__cypress/runner/cypress_runner.js:144197:19)\n    at onFailFn (http://localhost:61063/__cypress/runner/cypress_runner.js:132448:16)\n    at tryCatcher (http://localhost:61063/__cypress/runner/cypress_runner.js:167415:23)\n    at Promise._settlePromiseFromHandler (http://localhost:61063/__cypress/runner/cypress_runner.js:165351:31)\n    at Promise._settlePromise (http://localhost:61063/__cypress/runner/cypress_runner.js:165408:18)\n    at Promise._settlePromise0 (http://localhost:61063/__cypress/runner/cypress_runner.js:165453:10)\n    at Promise._settlePromises (http://localhost:61063/__cypress/runner/cypress_runner.js:165528:18)\n    at Async../node_modules/bluebird/js/release/async.js.Async._drainQueue (http://localhost:61063/__cypress/runner/cypress_runner.js:162140:16)\n    at Async../node_modules/bluebird/js/release/async.js.Async._drainQueues (http://localhost:61063/__cypress/runner/cypress_runner.js:162150:10)\n    at Async.drainQueues (http://localhost:61063/__cypress/runner/cypress_runner.js:162024:14)",
                "diff": null
              },
              "uuid": "783c7df3-a3cf-4346-b53e-b6ed1e747ad2",
              "parentUUID": "55bd81ac-f99d-4f6d-8a10-f195d2a4e228",
              "isHook": false,
              "skipped": false
            }
          ],
          "suites": [],
          "passes": [],
          "failures": [
            "31c8a732-a585-479d-aa02-2344f38536d1",
            "9e69dde6-421d-46dc-af7d-81b38a462a80",
            "59b025c5-7556-45e8-a919-ad0531d2ec28",
            "783c7df3-a3cf-4346-b53e-b6ed1e747ad2"
          ],
          "pending": [],
          "skipped": [],
          "duration": 45145,
          "root": false,
          "rootEmpty": false,
          "_timeout": 2000
        },
        {
          "uuid": "13db3e7f-4df2-4833-83cf-933da4beb76b",
          "title": "10 - Faça o quadro de pixels ter seu tamanho definido pelo usuário.",
          "fullFile": "",
          "file": "",
          "beforeHooks": [],
          "afterHooks": [],
          "tests": [
            {
              "title": "Verifica se existe um input com o id `board-size`",
              "fullTitle": "10 - Faça o quadro de pixels ter seu tamanho definido pelo usuário. Verifica se existe um input com o id `board-size`",
              "timedOut": null,
              "duration": 10408,
              "state": "failed",
              "speed": null,
              "pass": false,
              "fail": true,
              "pending": false,
              "context": null,
              "code": "cy.get('#board-size').should('be.visible');",
              "err": {
                "message": "CypressError: Timed out retrying: Expected to find element: '#board-size', but never found it.",
                "estack": "CypressError: Timed out retrying: Expected to find element: '#board-size', but never found it.\n    at cypressErr (http://localhost:61063/__cypress/runner/cypress_runner.js:149934:9)\n    at throwErr (http://localhost:61063/__cypress/runner/cypress_runner.js:149867:11)\n    at Object.throwErrByPath (http://localhost:61063/__cypress/runner/cypress_runner.js:149915:3)\n    at retry (http://localhost:61063/__cypress/runner/cypress_runner.js:144197:19)\n    at onFailFn (http://localhost:61063/__cypress/runner/cypress_runner.js:132448:16)\n    at tryCatcher (http://localhost:61063/__cypress/runner/cypress_runner.js:167415:23)\n    at Promise._settlePromiseFromHandler (http://localhost:61063/__cypress/runner/cypress_runner.js:165351:31)\n    at Promise._settlePromise (http://localhost:61063/__cypress/runner/cypress_runner.js:165408:18)\n    at Promise._settlePromise0 (http://localhost:61063/__cypress/runner/cypress_runner.js:165453:10)\n    at Promise._settlePromises (http://localhost:61063/__cypress/runner/cypress_runner.js:165528:18)\n    at Async../node_modules/bluebird/js/release/async.js.Async._drainQueue (http://localhost:61063/__cypress/runner/cypress_runner.js:162140:16)\n    at Async../node_modules/bluebird/js/release/async.js.Async._drainQueues (http://localhost:61063/__cypress/runner/cypress_runner.js:162150:10)\n    at Async.drainQueues (http://localhost:61063/__cypress/runner/cypress_runner.js:162024:14)",
                "diff": null
              },
              "uuid": "eba2f939-753b-47eb-9b6c-00ad129dc631",
              "parentUUID": "13db3e7f-4df2-4833-83cf-933da4beb76b",
              "isHook": false,
              "skipped": false
            },
            {
              "title": "Verifica se existe um botão com o id `generate-board`",
              "fullTitle": "10 - Faça o quadro de pixels ter seu tamanho definido pelo usuário. Verifica se existe um botão com o id `generate-board`",
              "timedOut": null,
              "duration": 9757,
              "state": "failed",
              "speed": null,
              "pass": false,
              "fail": true,
              "pending": false,
              "context": null,
              "code": "cy.get('#generate-board').should('be.visible');",
              "err": {
                "message": "CypressError: Timed out retrying: Expected to find element: '#generate-board', but never found it.",
                "estack": "CypressError: Timed out retrying: Expected to find element: '#generate-board', but never found it.\n    at cypressErr (http://localhost:61063/__cypress/runner/cypress_runner.js:149934:9)\n    at throwErr (http://localhost:61063/__cypress/runner/cypress_runner.js:149867:11)\n    at Object.throwErrByPath (http://localhost:61063/__cypress/runner/cypress_runner.js:149915:3)\n    at retry (http://localhost:61063/__cypress/runner/cypress_runner.js:144197:19)\n    at onFailFn (http://localhost:61063/__cypress/runner/cypress_runner.js:132448:16)\n    at tryCatcher (http://localhost:61063/__cypress/runner/cypress_runner.js:167415:23)\n    at Promise._settlePromiseFromHandler (http://localhost:61063/__cypress/runner/cypress_runner.js:165351:31)\n    at Promise._settlePromise (http://localhost:61063/__cypress/runner/cypress_runner.js:165408:18)\n    at Promise._settlePromise0 (http://localhost:61063/__cypress/runner/cypress_runner.js:165453:10)\n    at Promise._settlePromises (http://localhost:61063/__cypress/runner/cypress_runner.js:165528:18)\n    at Async../node_modules/bluebird/js/release/async.js.Async._drainQueue (http://localhost:61063/__cypress/runner/cypress_runner.js:162140:16)\n    at Async../node_modules/bluebird/js/release/async.js.Async._drainQueues (http://localhost:61063/__cypress/runner/cypress_runner.js:162150:10)\n    at Async.drainQueues (http://localhost:61063/__cypress/runner/cypress_runner.js:162024:14)",
                "diff": null
              },
              "uuid": "d8dd2a50-bf96-4210-bccb-040bd2bc7b70",
              "parentUUID": "13db3e7f-4df2-4833-83cf-933da4beb76b",
              "isHook": false,
              "skipped": false
            },
            {
              "title": "Verifica se o input só aceita número maiores que zero. Essa restrição deve ser feita usando os atributos do elemento `input`",
              "fullTitle": "10 - Faça o quadro de pixels ter seu tamanho definido pelo usuário. Verifica se o input só aceita número maiores que zero. Essa restrição deve ser feita usando os atributos do elemento `input`",
              "timedOut": null,
              "duration": 8268,
              "state": "failed",
              "speed": null,
              "pass": false,
              "fail": true,
              "pending": false,
              "context": null,
              "code": "cy.get('#board-size[type=\\'number\\'][min=\\'1\\']');",
              "err": {
                "message": "CypressError: Timed out retrying: Expected to find element: '#board-size[type='number'][min='1']', but never found it.",
                "estack": "CypressError: Timed out retrying: Expected to find element: '#board-size[type='number'][min='1']', but never found it.\n    at cypressErr (http://localhost:61063/__cypress/runner/cypress_runner.js:149934:9)\n    at throwErr (http://localhost:61063/__cypress/runner/cypress_runner.js:149867:11)\n    at Object.throwErrByPath (http://localhost:61063/__cypress/runner/cypress_runner.js:149915:3)\n    at retry (http://localhost:61063/__cypress/runner/cypress_runner.js:144197:19)\n    at onFailFn (http://localhost:61063/__cypress/runner/cypress_runner.js:132448:16)\n    at tryCatcher (http://localhost:61063/__cypress/runner/cypress_runner.js:167415:23)\n    at Promise._settlePromiseFromHandler (http://localhost:61063/__cypress/runner/cypress_runner.js:165351:31)\n    at Promise._settlePromise (http://localhost:61063/__cypress/runner/cypress_runner.js:165408:18)\n    at Promise._settlePromise0 (http://localhost:61063/__cypress/runner/cypress_runner.js:165453:10)\n    at Promise._settlePromises (http://localhost:61063/__cypress/runner/cypress_runner.js:165528:18)\n    at Async../node_modules/bluebird/js/release/async.js.Async._drainQueue (http://localhost:61063/__cypress/runner/cypress_runner.js:162140:16)\n    at Async../node_modules/bluebird/js/release/async.js.Async._drainQueues (http://localhost:61063/__cypress/runner/cypress_runner.js:162150:10)\n    at Async.drainQueues (http://localhost:61063/__cypress/runner/cypress_runner.js:162024:14)",
                "diff": null
              },
              "uuid": "614f4168-3201-4d70-b721-3c28fbcdae01",
              "parentUUID": "13db3e7f-4df2-4833-83cf-933da4beb76b",
              "isHook": false,
              "skipped": false
            },
            {
              "title": "Verifica se o botão contém o texto 'VQV'",
              "fullTitle": "10 - Faça o quadro de pixels ter seu tamanho definido pelo usuário. Verifica se o botão contém o texto 'VQV'",
              "timedOut": null,
              "duration": 8597,
              "state": "failed",
              "speed": null,
              "pass": false,
              "fail": true,
              "pending": false,
              "context": null,
              "code": "cy.get('#generate-board').contains(/vqv/i);",
              "err": {
                "message": "CypressError: Timed out retrying: Expected to find element: '#generate-board', but never found it.",
                "estack": "CypressError: Timed out retrying: Expected to find element: '#generate-board', but never found it.\n    at cypressErr (http://localhost:61063/__cypress/runner/cypress_runner.js:149934:9)\n    at throwErr (http://localhost:61063/__cypress/runner/cypress_runner.js:149867:11)\n    at Object.throwErrByPath (http://localhost:61063/__cypress/runner/cypress_runner.js:149915:3)\n    at retry (http://localhost:61063/__cypress/runner/cypress_runner.js:144197:19)\n    at onFailFn (http://localhost:61063/__cypress/runner/cypress_runner.js:132448:16)\n    at tryCatcher (http://localhost:61063/__cypress/runner/cypress_runner.js:167415:23)\n    at Promise._settlePromiseFromHandler (http://localhost:61063/__cypress/runner/cypress_runner.js:165351:31)\n    at Promise._settlePromise (http://localhost:61063/__cypress/runner/cypress_runner.js:165408:18)\n    at Promise._settlePromise0 (http://localhost:61063/__cypress/runner/cypress_runner.js:165453:10)\n    at Promise._settlePromises (http://localhost:61063/__cypress/runner/cypress_runner.js:165528:18)\n    at Async../node_modules/bluebird/js/release/async.js.Async._drainQueue (http://localhost:61063/__cypress/runner/cypress_runner.js:162140:16)\n    at Async../node_modules/bluebird/js/release/async.js.Async._drainQueues (http://localhost:61063/__cypress/runner/cypress_runner.js:162150:10)\n    at Async.drainQueues (http://localhost:61063/__cypress/runner/cypress_runner.js:162024:14)",
                "diff": null
              },
              "uuid": "aeb27040-2584-424c-a3c5-2fa365c21b72",
              "parentUUID": "13db3e7f-4df2-4833-83cf-933da4beb76b",
              "isHook": false,
              "skipped": false
            },
            {
              "title": "Verifica se o input está posicionado entre a paleta de cores e o quadro de pixels",
              "fullTitle": "10 - Faça o quadro de pixels ter seu tamanho definido pelo usuário. Verifica se o input está posicionado entre a paleta de cores e o quadro de pixels",
              "timedOut": null,
              "duration": 9732,
              "state": "failed",
              "speed": null,
              "pass": false,
              "fail": true,
              "pending": false,
              "context": null,
              "code": "cy.get('#color-palette').then(function (palette) {\n  cy.get('#board-size').should('be.belowOf', palette);\n});\ncy.get('#board-size').then(function (palette) {\n  cy.get('#pixel-board').should('be.belowOf', palette);\n});",
              "err": {
                "message": "CypressError: Timed out retrying: Expected to find element: '#board-size', but never found it.",
                "estack": "CypressError: Timed out retrying: Expected to find element: '#board-size', but never found it.\n    at cypressErr (http://localhost:61063/__cypress/runner/cypress_runner.js:149934:9)\n    at throwErr (http://localhost:61063/__cypress/runner/cypress_runner.js:149867:11)\n    at Object.throwErrByPath (http://localhost:61063/__cypress/runner/cypress_runner.js:149915:3)\n    at retry (http://localhost:61063/__cypress/runner/cypress_runner.js:144197:19)\n    at onFailFn (http://localhost:61063/__cypress/runner/cypress_runner.js:132448:16)\n    at tryCatcher (http://localhost:61063/__cypress/runner/cypress_runner.js:167415:23)\n    at Promise._settlePromiseFromHandler (http://localhost:61063/__cypress/runner/cypress_runner.js:165351:31)\n    at Promise._settlePromise (http://localhost:61063/__cypress/runner/cypress_runner.js:165408:18)\n    at Promise._settlePromise0 (http://localhost:61063/__cypress/runner/cypress_runner.js:165453:10)\n    at Promise._settlePromises (http://localhost:61063/__cypress/runner/cypress_runner.js:165528:18)\n    at Async../node_modules/bluebird/js/release/async.js.Async._drainQueue (http://localhost:61063/__cypress/runner/cypress_runner.js:162140:16)\n    at Async../node_modules/bluebird/js/release/async.js.Async._drainQueues (http://localhost:61063/__cypress/runner/cypress_runner.js:162150:10)\n    at Async.drainQueues (http://localhost:61063/__cypress/runner/cypress_runner.js:162024:14)",
                "diff": null
              },
              "uuid": "d897ec43-c12f-4d32-9302-d8acc33fec63",
              "parentUUID": "13db3e7f-4df2-4833-83cf-933da4beb76b",
              "isHook": false,
              "skipped": false
            },
            {
              "title": "Verifica se o botão está posicionado ao lado do input",
              "fullTitle": "10 - Faça o quadro de pixels ter seu tamanho definido pelo usuário. Verifica se o botão está posicionado ao lado do input",
              "timedOut": null,
              "duration": 8742,
              "state": "failed",
              "speed": null,
              "pass": false,
              "fail": true,
              "pending": false,
              "context": null,
              "code": "cy.get('#board-size').then(function (board) {\n  cy.get('#generate-board').should('be.onTheRightOf', board);\n});",
              "err": {
                "message": "CypressError: Timed out retrying: Expected to find element: '#board-size', but never found it.",
                "estack": "CypressError: Timed out retrying: Expected to find element: '#board-size', but never found it.\n    at cypressErr (http://localhost:61063/__cypress/runner/cypress_runner.js:149934:9)\n    at throwErr (http://localhost:61063/__cypress/runner/cypress_runner.js:149867:11)\n    at Object.throwErrByPath (http://localhost:61063/__cypress/runner/cypress_runner.js:149915:3)\n    at retry (http://localhost:61063/__cypress/runner/cypress_runner.js:144197:19)\n    at onFailFn (http://localhost:61063/__cypress/runner/cypress_runner.js:132448:16)\n    at tryCatcher (http://localhost:61063/__cypress/runner/cypress_runner.js:167415:23)\n    at Promise._settlePromiseFromHandler (http://localhost:61063/__cypress/runner/cypress_runner.js:165351:31)\n    at Promise._settlePromise (http://localhost:61063/__cypress/runner/cypress_runner.js:165408:18)\n    at Promise._settlePromise0 (http://localhost:61063/__cypress/runner/cypress_runner.js:165453:10)\n    at Promise._settlePromises (http://localhost:61063/__cypress/runner/cypress_runner.js:165528:18)\n    at Async../node_modules/bluebird/js/release/async.js.Async._drainQueue (http://localhost:61063/__cypress/runner/cypress_runner.js:162140:16)\n    at Async../node_modules/bluebird/js/release/async.js.Async._drainQueues (http://localhost:61063/__cypress/runner/cypress_runner.js:162150:10)\n    at Async.drainQueues (http://localhost:61063/__cypress/runner/cypress_runner.js:162024:14)",
                "diff": null
              },
              "uuid": "7c061576-3633-4172-a008-f28b4f10108e",
              "parentUUID": "13db3e7f-4df2-4833-83cf-933da4beb76b",
              "isHook": false,
              "skipped": false
            },
            {
              "title": "Verifica se nenhum valor for colocado no input ao clicar no botão, um `alert` é exibido com o texto: 'Board inválido!'",
              "fullTitle": "10 - Faça o quadro de pixels ter seu tamanho definido pelo usuário. Verifica se nenhum valor for colocado no input ao clicar no botão, um `alert` é exibido com o texto: 'Board inválido!'",
              "timedOut": null,
              "duration": 9151,
              "state": "failed",
              "speed": null,
              "pass": false,
              "fail": true,
              "pending": false,
              "context": null,
              "code": "var alerted = false;\ncy.on('window:alert', function (msg) {\n  return alerted = msg;\n});\ncy.get('#generate-board').click().then(function () {\n  return expect(alerted).to.match(/Board inválido!/i);\n});",
              "err": {
                "message": "CypressError: Timed out retrying: Expected to find element: '#generate-board', but never found it.",
                "estack": "CypressError: Timed out retrying: Expected to find element: '#generate-board', but never found it.\n    at cypressErr (http://localhost:61063/__cypress/runner/cypress_runner.js:149934:9)\n    at throwErr (http://localhost:61063/__cypress/runner/cypress_runner.js:149867:11)\n    at Object.throwErrByPath (http://localhost:61063/__cypress/runner/cypress_runner.js:149915:3)\n    at retry (http://localhost:61063/__cypress/runner/cypress_runner.js:144197:19)\n    at onFailFn (http://localhost:61063/__cypress/runner/cypress_runner.js:132448:16)\n    at tryCatcher (http://localhost:61063/__cypress/runner/cypress_runner.js:167415:23)\n    at Promise._settlePromiseFromHandler (http://localhost:61063/__cypress/runner/cypress_runner.js:165351:31)\n    at Promise._settlePromise (http://localhost:61063/__cypress/runner/cypress_runner.js:165408:18)\n    at Promise._settlePromise0 (http://localhost:61063/__cypress/runner/cypress_runner.js:165453:10)\n    at Promise._settlePromises (http://localhost:61063/__cypress/runner/cypress_runner.js:165528:18)\n    at Async../node_modules/bluebird/js/release/async.js.Async._drainQueue (http://localhost:61063/__cypress/runner/cypress_runner.js:162140:16)\n    at Async../node_modules/bluebird/js/release/async.js.Async._drainQueues (http://localhost:61063/__cypress/runner/cypress_runner.js:162150:10)\n    at Async.drainQueues (http://localhost:61063/__cypress/runner/cypress_runner.js:162024:14)",
                "diff": null
              },
              "uuid": "46eea50e-be00-4b84-9b54-d7adaef94718",
              "parentUUID": "13db3e7f-4df2-4833-83cf-933da4beb76b",
              "isHook": false,
              "skipped": false
            },
            {
              "title": "Verifica se ao clicar no botão com um valor preenchido, o tamanho do board muda.",
              "fullTitle": "10 - Faça o quadro de pixels ter seu tamanho definido pelo usuário. Verifica se ao clicar no botão com um valor preenchido, o tamanho do board muda.",
              "timedOut": null,
              "duration": 8317,
              "state": "failed",
              "speed": null,
              "pass": false,
              "fail": true,
              "pending": false,
              "context": null,
              "code": "cy.get('#board-size').clear().type(10);\ncy.get('#generate-board').click();\ncy.get('.pixel').should('have.length', 100);",
              "err": {
                "message": "CypressError: Timed out retrying: Expected to find element: '#board-size', but never found it.",
                "estack": "CypressError: Timed out retrying: Expected to find element: '#board-size', but never found it.\n    at cypressErr (http://localhost:61063/__cypress/runner/cypress_runner.js:149934:9)\n    at throwErr (http://localhost:61063/__cypress/runner/cypress_runner.js:149867:11)\n    at Object.throwErrByPath (http://localhost:61063/__cypress/runner/cypress_runner.js:149915:3)\n    at retry (http://localhost:61063/__cypress/runner/cypress_runner.js:144197:19)\n    at onFailFn (http://localhost:61063/__cypress/runner/cypress_runner.js:132448:16)\n    at tryCatcher (http://localhost:61063/__cypress/runner/cypress_runner.js:167415:23)\n    at Promise._settlePromiseFromHandler (http://localhost:61063/__cypress/runner/cypress_runner.js:165351:31)\n    at Promise._settlePromise (http://localhost:61063/__cypress/runner/cypress_runner.js:165408:18)\n    at Promise._settlePromise0 (http://localhost:61063/__cypress/runner/cypress_runner.js:165453:10)\n    at Promise._settlePromises (http://localhost:61063/__cypress/runner/cypress_runner.js:165528:18)\n    at Async../node_modules/bluebird/js/release/async.js.Async._drainQueue (http://localhost:61063/__cypress/runner/cypress_runner.js:162140:16)\n    at Async../node_modules/bluebird/js/release/async.js.Async._drainQueues (http://localhost:61063/__cypress/runner/cypress_runner.js:162150:10)\n    at Async.drainQueues (http://localhost:61063/__cypress/runner/cypress_runner.js:162024:14)",
                "diff": null
              },
              "uuid": "c88dd2d9-3e8d-419a-8203-09985f07edaa",
              "parentUUID": "13db3e7f-4df2-4833-83cf-933da4beb76b",
              "isHook": false,
              "skipped": false
            },
            {
              "title": "Verifica se o novo quadro tem todos os pixels preenchidos com a cor branca",
              "fullTitle": "10 - Faça o quadro de pixels ter seu tamanho definido pelo usuário. Verifica se o novo quadro tem todos os pixels preenchidos com a cor branca",
              "timedOut": null,
              "duration": 8655,
              "state": "failed",
              "speed": null,
              "pass": false,
              "fail": true,
              "pending": false,
              "context": null,
              "code": "cy.get('#board-size').clear().type(6);\ncy.get('#generate-board').click();\ncy.get('.pixel').should('have.length', 36).each(function (pixel) {\n  expect(pixel).to.have.css('background-color', WHITE);\n});",
              "err": {
                "message": "CypressError: Timed out retrying: Expected to find element: '#board-size', but never found it.",
                "estack": "CypressError: Timed out retrying: Expected to find element: '#board-size', but never found it.\n    at cypressErr (http://localhost:61063/__cypress/runner/cypress_runner.js:149934:9)\n    at throwErr (http://localhost:61063/__cypress/runner/cypress_runner.js:149867:11)\n    at Object.throwErrByPath (http://localhost:61063/__cypress/runner/cypress_runner.js:149915:3)\n    at retry (http://localhost:61063/__cypress/runner/cypress_runner.js:144197:19)\n    at onFailFn (http://localhost:61063/__cypress/runner/cypress_runner.js:132448:16)\n    at tryCatcher (http://localhost:61063/__cypress/runner/cypress_runner.js:167415:23)\n    at Promise._settlePromiseFromHandler (http://localhost:61063/__cypress/runner/cypress_runner.js:165351:31)\n    at Promise._settlePromise (http://localhost:61063/__cypress/runner/cypress_runner.js:165408:18)\n    at Promise._settlePromise0 (http://localhost:61063/__cypress/runner/cypress_runner.js:165453:10)\n    at Promise._settlePromises (http://localhost:61063/__cypress/runner/cypress_runner.js:165528:18)\n    at Async../node_modules/bluebird/js/release/async.js.Async._drainQueue (http://localhost:61063/__cypress/runner/cypress_runner.js:162140:16)\n    at Async../node_modules/bluebird/js/release/async.js.Async._drainQueues (http://localhost:61063/__cypress/runner/cypress_runner.js:162150:10)\n    at Async.drainQueues (http://localhost:61063/__cypress/runner/cypress_runner.js:162024:14)",
                "diff": null
              },
              "uuid": "4d577888-d96d-4d40-85ec-688db1942b48",
              "parentUUID": "13db3e7f-4df2-4833-83cf-933da4beb76b",
              "isHook": false,
              "skipped": false
            }
          ],
          "suites": [],
          "passes": [],
          "failures": [
            "eba2f939-753b-47eb-9b6c-00ad129dc631",
            "d8dd2a50-bf96-4210-bccb-040bd2bc7b70",
            "614f4168-3201-4d70-b721-3c28fbcdae01",
            "aeb27040-2584-424c-a3c5-2fa365c21b72",
            "d897ec43-c12f-4d32-9302-d8acc33fec63",
            "7c061576-3633-4172-a008-f28b4f10108e",
            "46eea50e-be00-4b84-9b54-d7adaef94718",
            "c88dd2d9-3e8d-419a-8203-09985f07edaa",
            "4d577888-d96d-4d40-85ec-688db1942b48"
          ],
          "pending": [],
          "skipped": [],
          "duration": 81627,
          "root": false,
          "rootEmpty": false,
          "_timeout": 2000
        },
        {
          "uuid": "b30871bd-2348-4471-9bf7-fc6fcadd4570",
          "title": "11 - Limite o tamanho mínimo e máximo do board.",
          "fullFile": "",
          "file": "",
          "beforeHooks": [],
          "afterHooks": [],
          "tests": [
            {
              "title": "Verifica se a altura máxima do board é 50",
              "fullTitle": "11 - Limite o tamanho mínimo e máximo do board. Verifica se a altura máxima do board é 50",
              "timedOut": null,
              "duration": 8507,
              "state": "failed",
              "speed": null,
              "pass": false,
              "fail": true,
              "pending": false,
              "context": null,
              "code": "cy.get('#board-size').clear().type(50);\ncy.get('#generate-board').click();\ncy.get('.pixel').should('have.length', 2500);",
              "err": {
                "message": "CypressError: Timed out retrying: Expected to find element: '#board-size', but never found it.",
                "estack": "CypressError: Timed out retrying: Expected to find element: '#board-size', but never found it.\n    at cypressErr (http://localhost:61063/__cypress/runner/cypress_runner.js:149934:9)\n    at throwErr (http://localhost:61063/__cypress/runner/cypress_runner.js:149867:11)\n    at Object.throwErrByPath (http://localhost:61063/__cypress/runner/cypress_runner.js:149915:3)\n    at retry (http://localhost:61063/__cypress/runner/cypress_runner.js:144197:19)\n    at onFailFn (http://localhost:61063/__cypress/runner/cypress_runner.js:132448:16)\n    at tryCatcher (http://localhost:61063/__cypress/runner/cypress_runner.js:167415:23)\n    at Promise._settlePromiseFromHandler (http://localhost:61063/__cypress/runner/cypress_runner.js:165351:31)\n    at Promise._settlePromise (http://localhost:61063/__cypress/runner/cypress_runner.js:165408:18)\n    at Promise._settlePromise0 (http://localhost:61063/__cypress/runner/cypress_runner.js:165453:10)\n    at Promise._settlePromises (http://localhost:61063/__cypress/runner/cypress_runner.js:165528:18)\n    at Async../node_modules/bluebird/js/release/async.js.Async._drainQueue (http://localhost:61063/__cypress/runner/cypress_runner.js:162140:16)\n    at Async../node_modules/bluebird/js/release/async.js.Async._drainQueues (http://localhost:61063/__cypress/runner/cypress_runner.js:162150:10)\n    at Async.drainQueues (http://localhost:61063/__cypress/runner/cypress_runner.js:162024:14)",
                "diff": null
              },
              "uuid": "182eba4e-b4a3-4204-bb67-3c0f236eb5a2",
              "parentUUID": "b30871bd-2348-4471-9bf7-fc6fcadd4570",
              "isHook": false,
              "skipped": false
            },
            {
              "title": "Verifica se a altura do board é 5 quando um valor menor é colocado no input",
              "fullTitle": "11 - Limite o tamanho mínimo e máximo do board. Verifica se a altura do board é 5 quando um valor menor é colocado no input",
              "timedOut": null,
              "duration": 8957,
              "state": "failed",
              "speed": null,
              "pass": false,
              "fail": true,
              "pending": false,
              "context": null,
              "code": "cy.get('#board-size').clear().type(4);\ncy.get('#generate-board').click();\ncy.get('.pixel').should('have.length', 25);",
              "err": {
                "message": "CypressError: Timed out retrying: Expected to find element: '#board-size', but never found it.",
                "estack": "CypressError: Timed out retrying: Expected to find element: '#board-size', but never found it.\n    at cypressErr (http://localhost:61063/__cypress/runner/cypress_runner.js:149934:9)\n    at throwErr (http://localhost:61063/__cypress/runner/cypress_runner.js:149867:11)\n    at Object.throwErrByPath (http://localhost:61063/__cypress/runner/cypress_runner.js:149915:3)\n    at retry (http://localhost:61063/__cypress/runner/cypress_runner.js:144197:19)\n    at onFailFn (http://localhost:61063/__cypress/runner/cypress_runner.js:132448:16)\n    at tryCatcher (http://localhost:61063/__cypress/runner/cypress_runner.js:167415:23)\n    at Promise._settlePromiseFromHandler (http://localhost:61063/__cypress/runner/cypress_runner.js:165351:31)\n    at Promise._settlePromise (http://localhost:61063/__cypress/runner/cypress_runner.js:165408:18)\n    at Promise._settlePromise0 (http://localhost:61063/__cypress/runner/cypress_runner.js:165453:10)\n    at Promise._settlePromises (http://localhost:61063/__cypress/runner/cypress_runner.js:165528:18)\n    at Async../node_modules/bluebird/js/release/async.js.Async._drainQueue (http://localhost:61063/__cypress/runner/cypress_runner.js:162140:16)\n    at Async../node_modules/bluebird/js/release/async.js.Async._drainQueues (http://localhost:61063/__cypress/runner/cypress_runner.js:162150:10)\n    at Async.drainQueues (http://localhost:61063/__cypress/runner/cypress_runner.js:162024:14)",
                "diff": null
              },
              "uuid": "aafd2ce7-3fdb-482f-908e-69059125817f",
              "parentUUID": "b30871bd-2348-4471-9bf7-fc6fcadd4570",
              "isHook": false,
              "skipped": false
            },
            {
              "title": "Verifica se a altura do board é 50 quando um valor maior é colocado no input",
              "fullTitle": "11 - Limite o tamanho mínimo e máximo do board. Verifica se a altura do board é 50 quando um valor maior é colocado no input",
              "timedOut": null,
              "duration": 8954,
              "state": "failed",
              "speed": null,
              "pass": false,
              "fail": true,
              "pending": false,
              "context": null,
              "code": "cy.get('#board-size').clear().type(51);\ncy.get('#generate-board').click();\ncy.get('.pixel').should('have.length', 2500);",
              "err": {
                "message": "CypressError: Timed out retrying: Expected to find element: '#board-size', but never found it.",
                "estack": "CypressError: Timed out retrying: Expected to find element: '#board-size', but never found it.\n    at cypressErr (http://localhost:61063/__cypress/runner/cypress_runner.js:149934:9)\n    at throwErr (http://localhost:61063/__cypress/runner/cypress_runner.js:149867:11)\n    at Object.throwErrByPath (http://localhost:61063/__cypress/runner/cypress_runner.js:149915:3)\n    at retry (http://localhost:61063/__cypress/runner/cypress_runner.js:144197:19)\n    at onFailFn (http://localhost:61063/__cypress/runner/cypress_runner.js:132448:16)\n    at tryCatcher (http://localhost:61063/__cypress/runner/cypress_runner.js:167415:23)\n    at Promise._settlePromiseFromHandler (http://localhost:61063/__cypress/runner/cypress_runner.js:165351:31)\n    at Promise._settlePromise (http://localhost:61063/__cypress/runner/cypress_runner.js:165408:18)\n    at Promise._settlePromise0 (http://localhost:61063/__cypress/runner/cypress_runner.js:165453:10)\n    at Promise._settlePromises (http://localhost:61063/__cypress/runner/cypress_runner.js:165528:18)\n    at Async../node_modules/bluebird/js/release/async.js.Async._drainQueue (http://localhost:61063/__cypress/runner/cypress_runner.js:162140:16)\n    at Async../node_modules/bluebird/js/release/async.js.Async._drainQueues (http://localhost:61063/__cypress/runner/cypress_runner.js:162150:10)\n    at Async.drainQueues (http://localhost:61063/__cypress/runner/cypress_runner.js:162024:14)",
                "diff": null
              },
              "uuid": "6c3fd332-1bc9-4fad-9de4-8d121d9fea09",
              "parentUUID": "b30871bd-2348-4471-9bf7-fc6fcadd4570",
              "isHook": false,
              "skipped": false
            }
          ],
          "suites": [],
          "passes": [],
          "failures": [
            "182eba4e-b4a3-4204-bb67-3c0f236eb5a2",
            "aafd2ce7-3fdb-482f-908e-69059125817f",
            "6c3fd332-1bc9-4fad-9de4-8d121d9fea09"
          ],
          "pending": [],
          "skipped": [],
          "duration": 26418,
          "root": false,
          "rootEmpty": false,
          "_timeout": 2000
        },
        {
          "uuid": "cc512c56-dbe9-43ae-9174-938ceeaa659f",
          "title": "12 - Faça com que as cores da paleta sejam geradas aleatoriamente ao carregar a página.",
          "fullFile": "",
          "file": "",
          "beforeHooks": [],
          "afterHooks": [],
          "tests": [
            {
              "title": "Verifica se as cores geradas na paleta são diferentes a cada carregamento da página",
              "fullTitle": "12 - Faça com que as cores da paleta sejam geradas aleatoriamente ao carregar a página. Verifica se as cores geradas na paleta são diferentes a cada carregamento da página",
              "timedOut": null,
              "duration": 7207,
              "state": "failed",
              "speed": null,
              "pass": false,
              "fail": true,
              "pending": false,
              "context": null,
              "code": "cy.get('.color').then(function (colors) {\n  var currentColors;\n  var previousColors;\n  previousColors = Array.from(colors).map(function (color) {\n    return Cypress.$(color).css('background-color');\n  });\n  for (var i = 0; i < 5; i += 1) {\n    cy.reload();\n    cy.get('.color').then(function (colors) {\n      currentColors = Array.from(colors).map(function (color) {\n        return Cypress.$(color).css('background-color');\n      });\n      expect(currentColors).not.to.deep.equal(previousColors);\n      previousColors = currentColors;\n    });\n  }\n});",
              "err": {
                "message": "AssertionError: expected [ Array(4) ] to not deeply equal [ Array(4) ]",
                "estack": "AssertionError: expected [ Array(4) ] to not deeply equal [ Array(4) ]\n    at getRet (http://localhost:61063/__cypress/runner/cypress_runner.js:136585:16)\n    at tryCatcher (http://localhost:61063/__cypress/runner/cypress_runner.js:167415:23)\n    at Function.Promise.attempt.Promise.try (http://localhost:61063/__cypress/runner/cypress_runner.js:164690:29)\n    at Context.thenFn (http://localhost:61063/__cypress/runner/cypress_runner.js:136599:23)\n    at Context.then (http://localhost:61063/__cypress/runner/cypress_runner.js:136971:21)\n    at Context.<anonymous> (http://localhost:61063/__cypress/runner/cypress_runner.js:148875:21)\n    at http://localhost:61063/__cypress/runner/cypress_runner.js:148351:33\n    at tryCatcher (http://localhost:61063/__cypress/runner/cypress_runner.js:167415:23)\n    at Promise._settlePromiseFromHandler (http://localhost:61063/__cypress/runner/cypress_runner.js:165351:31)\n    at Promise._settlePromise (http://localhost:61063/__cypress/runner/cypress_runner.js:165408:18)\n    at Promise._settlePromiseCtx (http://localhost:61063/__cypress/runner/cypress_runner.js:165445:10)\n    at Async../node_modules/bluebird/js/release/async.js.Async._drainQueue (http://localhost:61063/__cypress/runner/cypress_runner.js:162145:12)\n    at Async../node_modules/bluebird/js/release/async.js.Async._drainQueues (http://localhost:61063/__cypress/runner/cypress_runner.js:162150:10)\n    at Async.drainQueues (http://localhost:61063/__cypress/runner/cypress_runner.js:162024:14)",
                "diff": ""
              },
              "uuid": "a08961a9-015d-45a7-b994-053cf0329892",
              "parentUUID": "cc512c56-dbe9-43ae-9174-938ceeaa659f",
              "isHook": false,
              "skipped": false
            },
            {
              "title": "Verifica se a cor preta ainda está presente e é a primeira na sua paleta de cores",
              "fullTitle": "12 - Faça com que as cores da paleta sejam geradas aleatoriamente ao carregar a página. Verifica se a cor preta ainda está presente e é a primeira na sua paleta de cores",
              "timedOut": null,
              "duration": 7774,
              "state": "failed",
              "speed": null,
              "pass": false,
              "fail": true,
              "pending": false,
              "context": null,
              "code": "cy.get('.color').then(function (colors) {\n  var currentColors;\n  var previousColors;\n  previousColors = Array.from(colors).map(function (color) {\n    return Cypress.$(color).css('background-color');\n  });\n  expect(previousColors[0]).to.eq(BLACK);\n  for (var i = 0; i < 5; i += 1) {\n    cy.reload();\n    cy.get('.color').then(function (colors) {\n      currentColors = Array.from(colors).map(function (color) {\n        return Cypress.$(color).css('background-color');\n      });\n      expect(currentColors[0]).to.eq(BLACK);\n      expect(currentColors).not.to.deep.equal(previousColors);\n      previousColors = currentColors;\n    });\n  }\n});",
              "err": {
                "message": "AssertionError: expected [ Array(4) ] to not deeply equal [ Array(4) ]",
                "estack": "AssertionError: expected [ Array(4) ] to not deeply equal [ Array(4) ]\n    at getRet (http://localhost:61063/__cypress/runner/cypress_runner.js:136585:16)\n    at tryCatcher (http://localhost:61063/__cypress/runner/cypress_runner.js:167415:23)\n    at Function.Promise.attempt.Promise.try (http://localhost:61063/__cypress/runner/cypress_runner.js:164690:29)\n    at Context.thenFn (http://localhost:61063/__cypress/runner/cypress_runner.js:136599:23)\n    at Context.then (http://localhost:61063/__cypress/runner/cypress_runner.js:136971:21)\n    at Context.<anonymous> (http://localhost:61063/__cypress/runner/cypress_runner.js:148875:21)\n    at http://localhost:61063/__cypress/runner/cypress_runner.js:148351:33\n    at tryCatcher (http://localhost:61063/__cypress/runner/cypress_runner.js:167415:23)\n    at Promise._settlePromiseFromHandler (http://localhost:61063/__cypress/runner/cypress_runner.js:165351:31)\n    at Promise._settlePromise (http://localhost:61063/__cypress/runner/cypress_runner.js:165408:18)\n    at Promise._settlePromiseCtx (http://localhost:61063/__cypress/runner/cypress_runner.js:165445:10)\n    at Async../node_modules/bluebird/js/release/async.js.Async._drainQueue (http://localhost:61063/__cypress/runner/cypress_runner.js:162145:12)\n    at Async../node_modules/bluebird/js/release/async.js.Async._drainQueues (http://localhost:61063/__cypress/runner/cypress_runner.js:162150:10)\n    at Async.drainQueues (http://localhost:61063/__cypress/runner/cypress_runner.js:162024:14)",
                "diff": ""
              },
              "uuid": "35b7d3e3-2295-41fa-9e47-15ff0e69fd5f",
              "parentUUID": "cc512c56-dbe9-43ae-9174-938ceeaa659f",
              "isHook": false,
              "skipped": false
            }
          ],
          "suites": [],
          "passes": [],
          "failures": [
            "a08961a9-015d-45a7-b994-053cf0329892",
            "35b7d3e3-2295-41fa-9e47-15ff0e69fd5f"
          ],
          "pending": [],
          "skipped": [],
          "duration": 14981,
          "root": false,
          "rootEmpty": false,
          "_timeout": 2000
        }
      ],
      "passes": [],
      "failures": [],
      "pending": [],
      "skipped": [],
      "duration": 0,
      "root": true,
      "rootEmpty": true,
      "_timeout": 2000
    }
  ],
  "meta": {
    "mocha": {
      "version": "7.0.1"
    },
    "mochawesome": {
      "options": {
        "quiet": false,
        "reportFilename": "mochawesome",
        "saveHtml": false,
        "saveJson": true,
        "consoleReporter": "spec",
        "useInlineDiffs": false
      },
      "version": "4.1.0"
    },
    "marge": {
      "options": {
        "id": "default",
        "reportDir": "cypress/reports",
        "overwrite": true,
        "html": false,
        "json": true
      },
      "version": "4.1.0"
    }
  }
}